<?xml version="1.0" encoding="UTF-8"?>
<!-- Generated by org.testng.reporters.JUnitReportReporter -->
<testsuite hostname="Hestabits-MacBook-Pro.local" failures="0" tests="1" name="MailShootTestCases.TC_001_VoiceGPT" time="0.092" errors="0" timestamp="2024-05-23T02:03:30 IST" skipped="0">
  <testcase classname="MailShootTestCases.TC_001_VoiceGPT" name="setup_VoiceGPT" time="0.092"/>
</testsuite> <!-- MailShootTestCases.TC_001_VoiceGPT -->
